+++ date 1 +++
Tue 05 May 2026 10:57:46 AM +03
***** Neighbor Search ******
***** Ho1Pb1 neigh=1 ******

Program Configuration
---------------------
Query formula:	 Ho1Pb1 
Neighbor order:	 1 
Energy filter:	 0.0 
Sleep timer:	 none 
Online: 	 False 
Calculator: 	 none 
Data source: 	 OQMD 
BlockSearch: 	 False 
Relaxer: 	 False 
OutputDir: 	 dev/test_data 
CheckNew: 	 False 
Top n: 	 none 
Top c: 	 none
---------------------

Separated Formula: ['Ho', 'Pb']
PNs: [33, 91]
Ratios: [1, 1]
PN_new_all:  [[32, 33, 34], [90, 91, 92]]



exchange_dict:  {'Cf': ['Ho'], 'Ho': ['Ho'], 'Es': ['Ho'], 'Sn': ['Pb'], 'Pb': ['Pb'], 'Fl': ['Pb']}
['Cf1 Sn1', 'Cf1 Pb1', 'Cf1 Fl1', 'Ho1 Sn1', 'Fl1 Ho1', 'Es1 Sn1', 'Es1 Pb1', 'Es1 Fl1']
['Cf1Sn1', 'Cf1Pb1', 'Cf1Fl1', 'Ho1Sn1', 'Ho1Fl1', 'Es1Sn1', 'Es1Pb1', 'Es1Fl1']
Cf1 Sn1 --> no structure
Cf1 Pb1 --> no structure
Cf1 Fl1 --> no structure
Ho1 Sn1
Fl1 Ho1 --> no structure
Es1 Sn1 --> no structure
Es1 Pb1 --> no structure
Es1 Fl1 --> no structure
TERMINATED SUCCESFULLY!

Total Number of CIF files: 10
***** Ho1Pb1 neigh=2 ******

Program Configuration
---------------------
Query formula:	 Ho1Pb1 
Neighbor order:	 2 
Energy filter:	 0.0 
Sleep timer:	 none 
Online: 	 False 
Calculator: 	 none 
Data source: 	 OQMD 
BlockSearch: 	 False 
Relaxer: 	 False 
OutputDir: 	 dev/test_data 
CheckNew: 	 False 
Top n: 	 none 
Top c: 	 none
---------------------

Separated Formula: ['Ho', 'Pb']
PNs: [33, 91]
Ratios: [1, 1]
PN_new_all:  [[31, 32, 33, 34, 35], [89, 90, 91, 92, 93]]



exchange_dict:  {'Dy': ['Ho'], 'Cf': ['Ho'], 'Ho': ['Ho'], 'Es': ['Ho'], 'Er': ['Ho'], 'Ge': ['Pb'], 'Sn': ['Pb'], 'Pb': ['Pb'], 'Fl': ['Pb'], 'N': ['Pb']}
['Dy1 Ge1', 'Dy1 Sn1', 'Dy1 Pb1', 'Dy1 Fl1', 'Dy1 N1', 'Cf1 Ge1', 'Cf1 N1', 'Ge1 Ho1', 'Ho1 N1', 'Es1 Ge1', 'Es1 N1', 'Er1 Ge1', 'Er1 Sn1', 'Er1 Pb1', 'Er1 Fl1', 'Er1 N1']
['Dy1Ge1', 'Dy1Sn1', 'Dy1Pb1', 'Dy1Fl1', 'Dy1N1', 'Cf1Ge1', 'Cf1N1', 'Ho1Ge1', 'Ho1N1', 'Es1Ge1', 'Es1N1', 'Er1Ge1', 'Er1Sn1', 'Er1Pb1', 'Er1Fl1', 'Er1N1']
Dy1 Ge1
Dy1 Sn1
Dy1 Pb1
Dy1 Fl1 --> no structure
Dy1 N1
Cf1 Ge1 --> no structure
Cf1 N1 --> no structure
Ge1 Ho1
Ho1 N1
Es1 Ge1 --> no structure
Es1 N1 --> no structure
Er1 Ge1
Er1 Sn1
Er1 Pb1
Er1 Fl1 --> no structure
Er1 N1
TERMINATED SUCCESFULLY!

Total Number of CIF files: 84
***** Ho1Pb1 neigh=3 ******

Program Configuration
---------------------
Query formula:	 Ho1Pb1 
Neighbor order:	 3 
Energy filter:	 0.0 
Sleep timer:	 none 
Online: 	 False 
Calculator: 	 none 
Data source: 	 OQMD 
BlockSearch: 	 False 
Relaxer: 	 False 
OutputDir: 	 dev/test_data 
CheckNew: 	 False 
Top n: 	 none 
Top c: 	 none
---------------------

Separated Formula: ['Ho', 'Pb']
PNs: [33, 91]
Ratios: [1, 1]
PN_new_all:  [[30, 31, 32, 33, 34, 35, 36], [88, 89, 90, 91, 92, 93, 94]]



exchange_dict:  {'Bk': ['Ho'], 'Dy': ['Ho'], 'Cf': ['Ho'], 'Ho': ['Ho'], 'Es': ['Ho'], 'Er': ['Ho'], 'Fm': ['Ho'], 'Si': ['Pb'], 'Ge': ['Pb'], 'Sn': ['Pb'], 'Pb': ['Pb'], 'Fl': ['Pb'], 'N': ['Pb'], 'P': ['Pb']}
['Bk1 Si1', 'Bk1 Ge1', 'Bk1 Sn1', 'Bk1 Pb1', 'Bk1 Fl1', 'Bk1 N1', 'Bk1 P1', 'Dy1 Si1', 'Dy1 P1', 'Cf1 Si1', 'Cf1 P1', 'Ho1 Si1', 'Ho1 P1', 'Es1 Si1', 'Es1 P1', 'Er1 Si1', 'Er1 P1', 'Fm1 Si1', 'Fm1 Ge1', 'Fm1 Sn1', 'Fm1 Pb1', 'Fl1 Fm1', 'Fm1 N1', 'Fm1 P1']
['Bk1Si1', 'Bk1Ge1', 'Bk1Sn1', 'Bk1Pb1', 'Bk1Fl1', 'Bk1N1', 'Bk1P1', 'Dy1Si1', 'Dy1P1', 'Cf1Si1', 'Cf1P1', 'Ho1Si1', 'Ho1P1', 'Es1Si1', 'Es1P1', 'Er1Si1', 'Er1P1', 'Fm1Si1', 'Fm1Ge1', 'Fm1Sn1', 'Fm1Pb1', 'Fm1Fl1', 'Fm1N1', 'Fm1P1']
Bk1 Si1 --> no structure
Bk1 Ge1 --> no structure
Bk1 Sn1 --> no structure
Bk1 Pb1 --> no structure
Bk1 Fl1 --> no structure
Bk1 N1 --> no structure
Bk1 P1 --> no structure
Dy1 Si1
Dy1 P1
Cf1 Si1 --> no structure
Cf1 P1 --> no structure
Ho1 Si1
Ho1 P1
Es1 Si1 --> no structure
Es1 P1 --> no structure
Er1 Si1
Er1 P1
Fm1 Si1 --> no structure
Fm1 Ge1 --> no structure
Fm1 Sn1 --> no structure
Fm1 Pb1 --> no structure
Fl1 Fm1 --> no structure
Fm1 N1 --> no structure
Fm1 P1 --> no structure
TERMINATED SUCCESFULLY!

Total Number of CIF files: 58
***** Ho1Pb1 neigh=4 ******

Program Configuration
---------------------
Query formula:	 Ho1Pb1 
Neighbor order:	 4 
Energy filter:	 0.0 
Sleep timer:	 none 
Online: 	 False 
Calculator: 	 none 
Data source: 	 OQMD 
BlockSearch: 	 False 
Relaxer: 	 False 
OutputDir: 	 dev/test_data 
CheckNew: 	 False 
Top n: 	 none 
Top c: 	 none
---------------------

Separated Formula: ['Ho', 'Pb']
PNs: [33, 91]
Ratios: [1, 1]
PN_new_all:  [[29, 30, 31, 32, 33, 34, 35, 36, 37], [87, 88, 89, 90, 91, 92, 93, 94, 95]]



exchange_dict:  {'Tb': ['Ho'], 'Bk': ['Ho'], 'Dy': ['Ho'], 'Cf': ['Ho'], 'Ho': ['Ho'], 'Es': ['Ho'], 'Er': ['Ho'], 'Fm': ['Ho'], 'Tm': ['Ho'], 'C': ['Pb'], 'Si': ['Pb'], 'Ge': ['Pb'], 'Sn': ['Pb'], 'Pb': ['Pb'], 'Fl': ['Pb'], 'N': ['Pb'], 'P': ['Pb'], 'As': ['Pb']}
['C1 Tb1', 'Si1 Tb1', 'Ge1 Tb1', 'Sn1 Tb1', 'Pb1 Tb1', 'Fl1 Tb1', 'N1 Tb1', 'P1 Tb1', 'As1 Tb1', 'Bk1 C1', 'As1 Bk1', 'C1 Dy1', 'As1 Dy1', 'C1 Cf1', 'As1 Cf1', 'C1 Ho1', 'As1 Ho1', 'C1 Es1', 'As1 Es1', 'C1 Er1', 'As1 Er1', 'C1 Fm1', 'As1 Fm1', 'C1 Tm1', 'Si1 Tm1', 'Ge1 Tm1', 'Sn1 Tm1', 'Pb1 Tm1', 'Fl1 Tm1', 'N1 Tm1', 'P1 Tm1', 'As1 Tm1']
['Tb1C1', 'Tb1Si1', 'Tb1Ge1', 'Tb1Sn1', 'Tb1Pb1', 'Tb1Fl1', 'Tb1N1', 'Tb1P1', 'Tb1As1', 'Bk1C1', 'Bk1As1', 'Dy1C1', 'Dy1As1', 'Cf1C1', 'Cf1As1', 'Ho1C1', 'Ho1As1', 'Es1C1', 'Es1As1', 'Er1C1', 'Er1As1', 'Fm1C1', 'Fm1As1', 'Tm1C1', 'Tm1Si1', 'Tm1Ge1', 'Tm1Sn1', 'Tm1Pb1', 'Tm1Fl1', 'Tm1N1', 'Tm1P1', 'Tm1As1']
C1 Tb1 --> no structure
Si1 Tb1
Ge1 Tb1
Sn1 Tb1
Pb1 Tb1
Fl1 Tb1 --> no structure
N1 Tb1
P1 Tb1
As1 Tb1
Bk1 C1 --> no structure
As1 Bk1 --> no structure
C1 Dy1 --> no structure
As1 Dy1
C1 Cf1 --> no structure
As1 Cf1 --> no structure
C1 Ho1 --> no structure
As1 Ho1
C1 Es1 --> no structure
As1 Es1 --> no structure
C1 Er1
As1 Er1
C1 Fm1 --> no structure
As1 Fm1 --> no structure
C1 Tm1
Si1 Tm1
Ge1 Tm1
Sn1 Tm1
Pb1 Tm1
Fl1 Tm1 --> no structure
N1 Tm1
P1 Tm1
As1 Tm1
TERMINATED SUCCESFULLY!

Total Number of CIF files: 163
----------------------------
+++ date 2+++
Tue 05 May 2026 10:57:57 AM +03
***** GNN evaluation + Data reduction ******
***** Ho1Pb1 ******

Program Configuration
---------------------
Query formula:	 Ho1Pb1 
Neighbor order:	 1 
Energy filter:	 0.0 
Sleep timer:	 none 
Online: 	 False 
Calculator: 	 MACE 
Data source: 	 OQMD 
BlockSearch: 	 True 
Relaxer: 	 False 
OutputDir: 	 dev/test_data 
CheckNew: 	 False 
Top n: 	 none 
Top c: 	 none
---------------------

cuequivariance or cuequivariance_torch is not available. Cuequivariance acceleration will be disabled.

MACE is activated...


Total number of systems: 315
------------------------
Using medium MPA-0 model as default MACE-MP model, to use previous (before 3.10) default model please specify 'medium' as model argument
Using Materials Project MACE for MACECalculator with /home/cem/.cache/mace/macempa0mediummodel
Using float64 for MACECalculator, which is slower but more accurate. Recommended for geometry optimization.
Using head default out of ['default']

Ho1Pb1_DyPb_sym11_6_0.cif
Predicted Energy= -4.5916 eV/atom

Ho1Pb1_DySn_sym57_6_0.cif
Predicted Energy= -4.4175 eV/atom

Ho1Pb1_ErSn_sym57_8_0.cif
Predicted Energy= -4.4016 eV/atom

Ho1Pb1_ErN_sym6_8_0.cif
Predicted Energy= 1.9109 eV/atom

Ho1Pb1_HoN_sym186_7_0.cif
Predicted Energy= 1.7693 eV/atom

Ho1Pb1_DyN_sym186_9_0.cif
Predicted Energy= 1.4632 eV/atom

Ho1Pb1_HoN_sym186_8_0.cif
Predicted Energy= 1.8006 eV/atom

Ho1Pb1_ErN_sym186_10_0.cif
Predicted Energy= 2.3961 eV/atom

Ho1Pb1_DyPb_sym221_0_0.cif
Predicted Energy= -4.5006 eV/atom

Ho1Pb1_DyGe_sym221_1_0.cif
Predicted Energy= -4.2245 eV/atom

Ho1Pb1_ErN_sym221_1_0.cif
Predicted Energy= 1.0327 eV/atom

Ho1Pb1_ErN_sym221_2_0.cif
Predicted Energy= 1.0030 eV/atom

Ho1Pb1_ErPb_sym221_0_0.cif
Predicted Energy= -4.4992 eV/atom

Ho1Pb1_HoGe_sym221_0_0.cif
Predicted Energy= -4.2269 eV/atom

Ho1Pb1_DySn_sym221_0_0.cif
Predicted Energy= -4.4843 eV/atom

Ho1Pb1_HoN_sym221_10_0.cif
Predicted Energy= 0.6295 eV/atom

Ho1Pb1_DyN_sym221_1_0.cif
Predicted Energy= 0.4024 eV/atom

Ho1Pb1_ErGe_sym221_1_0.cif
Predicted Energy= -4.1609 eV/atom

Ho1Pb1_ErSn_sym221_0_0.cif
Predicted Energy= -4.4710 eV/atom

Ho1Pb1_HoN_sym221_0_0.cif
Predicted Energy= 0.6954 eV/atom

Ho1Pb1_HoN_sym123_2_0.cif
Predicted Energy= 0.6952 eV/atom

Ho1Pb1_ErGe_sym123_3_0.cif
Predicted Energy= -4.1938 eV/atom

Ho1Pb1_HoGe_sym123_2_0.cif
Predicted Energy= -4.2424 eV/atom

Ho1Pb1_DyPb_sym123_2_0.cif
Predicted Energy= -4.5522 eV/atom

Ho1Pb1_ErSn_sym123_2_0.cif
Predicted Energy= -4.5176 eV/atom

Ho1Pb1_DyN_sym123_3_0.cif
Predicted Energy= 0.2822 eV/atom

Ho1Pb1_ErN_sym123_4_0.cif
Predicted Energy= 1.0081 eV/atom

Ho1Pb1_DySn_sym123_2_0.cif
Predicted Energy= -4.5312 eV/atom

Ho1Pb1_DyGe_sym123_3_0.cif
Predicted Energy= -4.2511 eV/atom

Ho1Pb1_ErPb_sym123_2_0.cif
Predicted Energy= -4.5493 eV/atom

Ho1Pb1_DySn_sym187_4_0.cif
Predicted Energy= -4.4640 eV/atom

Ho1Pb1_DyN_sym187_7_0.cif
Predicted Energy= 1.2163 eV/atom

Ho1Pb1_ErSn_sym187_4_0.cif
Predicted Energy= -4.4479 eV/atom

Ho1Pb1_ErGe_sym187_5_0.cif
Predicted Energy= -4.1731 eV/atom

Ho1Pb1_DyPb_sym187_4_0.cif
Predicted Energy= -4.4803 eV/atom

Ho1Pb1_HoN_sym187_9_0.cif
Predicted Energy= 1.5558 eV/atom

Ho1Pb1_ErN_sym187_9_0.cif
Predicted Energy= 1.9546 eV/atom

Ho1Pb1_HoGe_sym187_5_0.cif
Predicted Energy= -4.1713 eV/atom

Ho1Pb1_ErPb_sym187_4_0.cif
Predicted Energy= -4.4755 eV/atom

Ho1Pb1_ErN_sym216_7_0.cif
Predicted Energy= 2.7700 eV/atom

Ho1Pb1_HoN_sym216_6_0.cif
Predicted Energy= 2.4311 eV/atom

Ho1Pb1_DyN_sym216_6_0.cif
Predicted Energy= 2.0674 eV/atom

Ho1Pb1_HoGe_sym63_3_0.cif
Predicted Energy= -3.9936 eV/atom

Ho1Pb1_ErGe_sym63_0_0.cif
Predicted Energy= -3.9636 eV/atom

Ho1Pb1_ErSn_sym63_7_0.cif
Predicted Energy= -4.5428 eV/atom

Ho1Pb1_DySn_sym63_5_0.cif
Predicted Energy= -4.5572 eV/atom

Ho1Pb1_DyPb_sym63_5_0.cif
Predicted Energy= -4.5915 eV/atom

Ho1Pb1_ErPb_sym63_5_0.cif
Predicted Energy= -4.5890 eV/atom

Ho1Pb1_DyGe_sym63_0_0.cif
Predicted Energy= -4.0480 eV/atom

Ho1Pb1_DyGe_sym38_5_0.cif
Predicted Energy= -4.2059 eV/atom

Ho1Pb1_ErN_sym36_12_0.cif
Predicted Energy= 2.4679 eV/atom

Ho1Pb1_DyN_sym36_8_0.cif
Predicted Energy= 0.8034 eV/atom

Ho1Pb1_DySn_sym225_3_0.cif
Predicted Energy= -4.4446 eV/atom

Ho1Pb1_HoGe_sym225_4_0.cif
Predicted Energy= -4.2611 eV/atom

Ho1Pb1_ErN_sym225_0_0.cif
Predicted Energy= 1.3157 eV/atom

Ho1Pb1_ErGe_sym225_4_0.cif
Predicted Energy= -4.1747 eV/atom

Ho1Pb1_HoN_sym225_4_0.cif
Predicted Energy= 0.9424 eV/atom

Ho1Pb1_DyPb_sym225_3_0.cif
Predicted Energy= -4.4455 eV/atom

Ho1Pb1_DyGe_sym225_4_0.cif
Predicted Energy= -4.2479 eV/atom

Ho1Pb1_HoN_sym225_3_0.cif
Predicted Energy= 0.9513 eV/atom

Ho1Pb1_DyN_sym225_4_0.cif
Predicted Energy= 0.5744 eV/atom

Ho1Pb1_ErN_sym225_5_0.cif
Predicted Energy= 1.3134 eV/atom

Ho1Pb1_DyN_sym225_10_0.cif
Predicted Energy= 0.5655 eV/atom

Ho1Pb1_ErPb_sym225_3_0.cif
Predicted Energy= -4.4465 eV/atom

Ho1Pb1_DyN_sym225_0_0.cif
Predicted Energy= 0.5727 eV/atom

Ho1Pb1_ErSn_sym225_3_0.cif
Predicted Energy= -4.4378 eV/atom

Ho1Pb1_ErSn_sym166_1_0.cif
Predicted Energy= -4.4622 eV/atom

Ho1Pb1_DySn_sym166_1_0.cif
Predicted Energy= -4.4672 eV/atom

Ho1Pb1_DyPb_sym166_1_0.cif
Predicted Energy= -4.4725 eV/atom

Ho1Pb1_HoGe_sym166_1_0.cif
Predicted Energy= -4.2548 eV/atom

Ho1Pb1_ErPb_sym166_1_0.cif
Predicted Energy= -4.4718 eV/atom

Ho1Pb1_DyN_sym166_2_0.cif
Predicted Energy= 0.6184 eV/atom

Ho1Pb1_ErGe_sym166_2_0.cif
Predicted Energy= -4.1992 eV/atom

Ho1Pb1_ErN_sym166_3_0.cif
Predicted Energy= 1.3520 eV/atom

Ho1Pb1_DyGe_sym166_2_0.cif
Predicted Energy= -4.2682 eV/atom

Ho1Pb1_HoN_sym166_1_0.cif
Predicted Energy= 1.0011 eV/atom

Ho1Pb1_HoN_sym51_5_0.cif
Predicted Energy= 1.9151 eV/atom

Ho1Pb1_DyN_sym51_5_0.cif
Predicted Energy= 1.5877 eV/atom

Ho1Pb1_ErN_sym51_6_0.cif
Predicted Energy= 2.2359 eV/atom

Ho1Pb1_ErN_sym194_11_0.cif
Predicted Energy= 1.5950 eV/atom

Ho1Pb1_HoGe_sym194_7_0.cif
Predicted Energy= -4.0313 eV/atom

Ho1Pb1_ErSn_sym194_6_0.cif
Predicted Energy= -4.5006 eV/atom

Ho1Pb1_HoGe_sym194_6_0.cif
Predicted Energy= -4.1688 eV/atom

Ho1Pb1_ErSn_sym194_5_0.cif
Predicted Energy= -4.3447 eV/atom

Ho1Pb1_DyP_sym221_0_0.cif
Predicted Energy= -3.8639 eV/atom

Ho1Pb1_DySi_sym221_4_0.cif
Predicted Energy= -4.0795 eV/atom

Ho1Pb1_ErP_sym221_0_0.cif
Predicted Energy= -3.7546 eV/atom

Ho1Pb1_HoSi_sym221_2_0.cif
Predicted Energy= -4.0304 eV/atom

Ho1Pb1_DyP_sym221_2_0.cif
Predicted Energy= -3.8614 eV/atom

Ho1Pb1_DyP_sym221_10_0.cif
Predicted Energy= -3.8632 eV/atom

Ho1Pb1_ErSi_sym221_2_0.cif
Predicted Energy= -3.9791 eV/atom

Ho1Pb1_ErP_sym221_1_0.cif
Predicted Energy= -3.7523 eV/atom

Ho1Pb1_HoP_sym221_9_0.cif
Predicted Energy= -3.8065 eV/atom

Ho1Pb1_HoP_sym221_1_0.cif
Predicted Energy= -3.8095 eV/atom

Ho1Pb1_ErSi_sym123_4_0.cif
Predicted Energy= -3.9832 eV/atom

Ho1Pb1_DySi_sym123_5_0.cif
Predicted Energy= -4.0860 eV/atom

Ho1Pb1_ErP_sym123_3_0.cif
Predicted Energy= -3.7533 eV/atom

Ho1Pb1_HoP_sym123_3_0.cif
Predicted Energy= -3.8041 eV/atom

Ho1Pb1_HoSi_sym123_3_0.cif
Predicted Energy= -4.0354 eV/atom

Ho1Pb1_DySi_sym12_3_0.cif
Predicted Energy= -3.5646 eV/atom

Ho1Pb1_DyP_sym187_8_0.cif
Predicted Energy= -3.7530 eV/atom

Ho1Pb1_ErP_sym187_8_0.cif
Predicted Energy= -3.6215 eV/atom

Ho1Pb1_HoSi_sym187_5_0.cif
Predicted Energy= -4.0562 eV/atom

Ho1Pb1_DySi_sym187_7_0.cif
Predicted Energy= -4.0969 eV/atom

Ho1Pb1_ErSi_sym187_6_0.cif
Predicted Energy= -4.0123 eV/atom

Ho1Pb1_HoP_sym187_7_0.cif
Predicted Energy= -3.6894 eV/atom

Ho1Pb1_DyP_sym216_6_0.cif
Predicted Energy= -3.1797 eV/atom

Ho1Pb1_ErP_sym216_7_0.cif
Predicted Energy= -3.0788 eV/atom

Ho1Pb1_HoP_sym216_6_0.cif
Predicted Energy= -3.1289 eV/atom

Ho1Pb1_DySi_sym62_1_0.cif
Predicted Energy= -3.5439 eV/atom

Ho1Pb1_ErSi_sym62_1_0.cif
Predicted Energy= -3.4128 eV/atom

Ho1Pb1_DySi_sym62_2_0.cif
Predicted Energy= -3.5388 eV/atom

Ho1Pb1_HoSi_sym62_1_0.cif
Predicted Energy= -3.4832 eV/atom

Ho1Pb1_ErSi_sym62_7_0.cif
Predicted Energy= -3.4138 eV/atom

Ho1Pb1_DySi_sym26_9_0.cif
Predicted Energy= -3.5441 eV/atom

Ho1Pb1_HoSi_sym63_0_0.cif
Predicted Energy= -3.5031 eV/atom

Ho1Pb1_DySi_sym63_0_0.cif
Predicted Energy= -3.5677 eV/atom

Ho1Pb1_ErSi_sym63_0_0.cif
Predicted Energy= -3.4208 eV/atom

Ho1Pb1_HoSi_sym38_7_0.cif
Predicted Energy= -3.5011 eV/atom

Ho1Pb1_ErSi_sym38_8_0.cif
Predicted Energy= -3.4094 eV/atom

Ho1Pb1_HoP_sym225_4_0.cif
Predicted Energy= -3.8401 eV/atom

Ho1Pb1_HoSi_sym225_4_0.cif
Predicted Energy= -4.1212 eV/atom

Ho1Pb1_DySi_sym225_6_0.cif
Predicted Energy= -4.1624 eV/atom

Ho1Pb1_HoP_sym225_0_0.cif
Predicted Energy= -3.8306 eV/atom

Ho1Pb1_ErP_sym225_5_0.cif
Predicted Energy= -3.7694 eV/atom

Ho1Pb1_ErP_sym225_4_0.cif
Predicted Energy= -3.7649 eV/atom

Ho1Pb1_DyP_sym225_3_0.cif
Predicted Energy= -3.8985 eV/atom

Ho1Pb1_ErSi_sym225_5_0.cif
Predicted Energy= -4.0797 eV/atom

Ho1Pb1_DyP_sym225_4_0.cif
Predicted Energy= -3.8980 eV/atom

Ho1Pb1_HoP_sym166_2_0.cif
Predicted Energy= -3.8365 eV/atom

Ho1Pb1_HoSi_sym166_6_0.cif
Predicted Energy= -4.1416 eV/atom

Ho1Pb1_DyP_sym166_1_0.cif
Predicted Energy= -3.9037 eV/atom

Ho1Pb1_HoP_sym166_8_0.cif
Predicted Energy= -3.8292 eV/atom

Ho1Pb1_DySi_sym166_8_0.cif
Predicted Energy= -4.1786 eV/atom

Ho1Pb1_ErSi_sym166_3_0.cif
Predicted Energy= -4.1002 eV/atom

Ho1Pb1_DyP_sym166_9_0.cif
Predicted Energy= -3.8973 eV/atom

Ho1Pb1_ErP_sym166_2_0.cif
Predicted Energy= -3.7663 eV/atom

Ho1Pb1_ErP_sym51_6_0.cif
Predicted Energy= -3.6417 eV/atom

Ho1Pb1_HoP_sym51_5_0.cif
Predicted Energy= -3.7327 eV/atom

Ho1Pb1_DyP_sym51_5_0.cif
Predicted Energy= -3.7944 eV/atom

Ho1Pb1_ErP_sym194_9_0.cif
Predicted Energy= -3.7262 eV/atom

Ho1Pb1_DyP_sym194_7_0.cif
Predicted Energy= -3.6413 eV/atom

Ho1Pb1_HoSn_sym221_0_0.cif
Predicted Energy= -4.4814 eV/atom

Ho1Pb1_HoSn_sym123_2_0.cif
Predicted Energy= -4.5217 eV/atom

Ho1Pb1_HoSn_sym187_4_0.cif
Predicted Energy= -4.4471 eV/atom

Ho1Pb1_HoSn_sym62_9_0.cif
Predicted Energy= -4.5181 eV/atom

Ho1Pb1_HoSn_sym62_6_0.cif
Predicted Energy= -4.5183 eV/atom

Ho1Pb1_HoSn_sym62_7_0.cif
Predicted Energy= -4.5416 eV/atom

Ho1Pb1_HoSn_sym62_8_0.cif
Predicted Energy= -4.5440 eV/atom

Ho1Pb1_HoSn_sym63_5_0.cif
Predicted Energy= -4.5498 eV/atom

Ho1Pb1_HoSn_sym225_3_0.cif
Predicted Energy= -4.4422 eV/atom

Ho1Pb1_HoSn_sym166_1_0.cif
Predicted Energy= -4.4615 eV/atom

Ho1Pb1_DyAs_sym107_12_0.cif
Predicted Energy= -4.1835 eV/atom

Ho1Pb1_TmGe_sym11_6_0.cif
Predicted Energy= -3.9118 eV/atom

Ho1Pb1_TbGe_sym11_8_0.cif
Predicted Energy= -4.0985 eV/atom

Ho1Pb1_TmSn_sym57_6_0.cif
Predicted Energy= -4.3935 eV/atom

Ho1Pb1_HoAs_sym71_12_0.cif
Predicted Energy= -4.1398 eV/atom

Ho1Pb1_TbN_sym186_9_0.cif
Predicted Energy= 0.4529 eV/atom

Ho1Pb1_ErAs_sym221_1_0.cif
Predicted Energy= -4.1158 eV/atom

Ho1Pb1_TmGe_sym221_1_0.cif
Predicted Energy= -4.1049 eV/atom

Ho1Pb1_ErAs_sym221_2_0.cif
Predicted Energy= -4.1227 eV/atom

Ho1Pb1_TbAs_sym221_1_0.cif
Predicted Energy= -4.2302 eV/atom

Ho1Pb1_TbP_sym221_1_0.cif
Predicted Energy= -3.9252 eV/atom

Ho1Pb1_TbGe_sym221_1_0.cif
Predicted Energy= -4.2559 eV/atom

Ho1Pb1_TbSi_sym221_1_0.cif
Predicted Energy= -4.1226 eV/atom

Ho1Pb1_TbAs_sym221_9_0.cif
Predicted Energy= -4.2211 eV/atom

Ho1Pb1_TbN_sym221_0_0.cif
Predicted Energy= 0.1020 eV/atom

Ho1Pb1_TmP_sym221_1_0.cif
Predicted Energy= -3.6804 eV/atom

Ho1Pb1_HoAs_sym221_13_0.cif
Predicted Energy= -4.1505 eV/atom

Ho1Pb1_TbPb_sym221_0_0.cif
Predicted Energy= -4.5003 eV/atom

Ho1Pb1_DyAs_sym221_1_0.cif
Predicted Energy= -4.1951 eV/atom

Ho1Pb1_HoAs_sym221_3_0.cif
Predicted Energy= -4.1598 eV/atom

Ho1Pb1_TmSn_sym221_0_0.cif
Predicted Energy= -4.4626 eV/atom

Ho1Pb1_HoAs_sym221_1_0.cif
Predicted Energy= -4.1598 eV/atom

Ho1Pb1_TbSn_sym221_0_0.cif
Predicted Energy= -4.4903 eV/atom

Ho1Pb1_TmPb_sym221_0_0.cif
Predicted Energy= -4.4971 eV/atom

Ho1Pb1_TbN_sym221_10_0.cif
Predicted Energy= 0.0964 eV/atom

Ho1Pb1_TmSi_sym221_1_0.cif
Predicted Energy= -3.9230 eV/atom

Ho1Pb1_DyAs_sym221_15_0.cif
Predicted Energy= -4.1893 eV/atom

Ho1Pb1_TmN_sym221_1_0.cif
Predicted Energy= 1.4216 eV/atom

Ho1Pb1_TmAs_sym221_1_0.cif
Predicted Energy= -4.0828 eV/atom

Ho1Pb1_TmPb_sym123_2_0.cif
Predicted Energy= -4.5466 eV/atom

Ho1Pb1_TmP_sym123_3_0.cif
Predicted Energy= -3.6807 eV/atom

Ho1Pb1_TbGe_sym123_2_0.cif
Predicted Energy= -4.2836 eV/atom

Ho1Pb1_DyAs_sym123_3_0.cif
Predicted Energy= -4.1942 eV/atom

Ho1Pb1_TmN_sym123_3_0.cif
Predicted Energy= 1.4049 eV/atom

Ho1Pb1_TbP_sym123_3_0.cif
Predicted Energy= -3.9247 eV/atom

Ho1Pb1_TbSn_sym123_2_0.cif
Predicted Energy= -4.5370 eV/atom

Ho1Pb1_TmAs_sym123_3_0.cif
Predicted Energy= -4.0806 eV/atom

Ho1Pb1_TmGe_sym123_3_0.cif
Predicted Energy= -4.1372 eV/atom

Ho1Pb1_TbAs_sym123_3_0.cif
Predicted Energy= -4.2214 eV/atom

Ho1Pb1_ErAs_sym123_4_0.cif
Predicted Energy= -4.1121 eV/atom

Ho1Pb1_TmSi_sym123_3_0.cif
Predicted Energy= -3.9145 eV/atom

Ho1Pb1_TbSi_sym123_2_0.cif
Predicted Energy= -4.1358 eV/atom

Ho1Pb1_TbN_sym123_2_0.cif
Predicted Energy= 0.1079 eV/atom

Ho1Pb1_TmSn_sym123_2_0.cif
Predicted Energy= -4.5048 eV/atom

Ho1Pb1_DyAs_sym12_11_0.cif
Predicted Energy= -4.1801 eV/atom

Ho1Pb1_TmSn_sym187_4_0.cif
Predicted Energy= -4.4379 eV/atom

Ho1Pb1_TbN_sym187_7_0.cif
Predicted Energy= 0.8544 eV/atom

Ho1Pb1_TbAs_sym187_7_0.cif
Predicted Energy= -4.0750 eV/atom

Ho1Pb1_TbPb_sym187_3_0.cif
Predicted Energy= -4.4798 eV/atom

Ho1Pb1_TmAs_sym187_7_0.cif
Predicted Energy= -3.9306 eV/atom

Ho1Pb1_TbP_sym187_7_0.cif
Predicted Energy= -3.8044 eV/atom

Ho1Pb1_HoAs_sym187_7_0.cif
Predicted Energy= -4.0188 eV/atom

Ho1Pb1_TbSn_sym187_4_0.cif
Predicted Energy= -4.4722 eV/atom

Ho1Pb1_TmP_sym187_7_0.cif
Predicted Energy= -3.5416 eV/atom

Ho1Pb1_TbGe_sym187_6_0.cif
Predicted Energy= -4.2269 eV/atom

Ho1Pb1_DyAs_sym187_7_0.cif
Predicted Energy= -4.0342 eV/atom

Ho1Pb1_ErAs_sym187_8_0.cif
Predicted Energy= -3.9756 eV/atom

Ho1Pb1_TmN_sym187_7_0.cif
Predicted Energy= 2.3422 eV/atom

Ho1Pb1_TmPb_sym187_4_0.cif
Predicted Energy= -4.4709 eV/atom

Ho1Pb1_TmGe_sym187_5_0.cif
Predicted Energy= -4.0880 eV/atom

Ho1Pb1_TmSi_sym187_5_0.cif
Predicted Energy= -3.9608 eV/atom

Ho1Pb1_TmAs_sym216_6_0.cif
Predicted Energy= -3.3569 eV/atom

Ho1Pb1_DyAs_sym216_6_0.cif
Predicted Energy= -3.4536 eV/atom

Ho1Pb1_TbAs_sym216_6_0.cif
Predicted Energy= -3.4809 eV/atom

Ho1Pb1_ErAs_sym216_7_0.cif
Predicted Energy= -3.3956 eV/atom

Ho1Pb1_TbP_sym216_6_0.cif
Predicted Energy= -3.2335 eV/atom

Ho1Pb1_TmN_sym216_6_0.cif
Predicted Energy= 3.1767 eV/atom

Ho1Pb1_TbN_sym216_6_0.cif
Predicted Energy= 1.7458 eV/atom

Ho1Pb1_TmP_sym216_6_0.cif
Predicted Energy= -3.0193 eV/atom

Ho1Pb1_HoAs_sym216_6_0.cif
Predicted Energy= -3.4230 eV/atom

Ho1Pb1_HoAs_sym62_10_0.cif
Predicted Energy= -4.0577 eV/atom

Ho1Pb1_TmAs_sym62_8_0.cif
Predicted Energy= -3.9647 eV/atom

Ho1Pb1_TbSi_sym62_0_0.cif
Predicted Energy= -3.6029 eV/atom

Ho1Pb1_TmAs_sym62_9_0.cif
Predicted Energy= -3.9646 eV/atom

Ho1Pb1_HoAs_sym62_9_0.cif
Predicted Energy= -4.0580 eV/atom

Ho1Pb1_DyAs_sym62_10_0.cif
Predicted Energy= -4.1009 eV/atom

Ho1Pb1_ErAs_sym62_10_0.cif
Predicted Energy= -4.0173 eV/atom

Ho1Pb1_TbGe_sym63_3_0.cif
Predicted Energy= -4.1202 eV/atom

Ho1Pb1_TmSi_sym63_0_0.cif
Predicted Energy= -3.3513 eV/atom

Ho1Pb1_TbGe_sym63_4_0.cif
Predicted Energy= -4.1015 eV/atom

Ho1Pb1_TmSn_sym63_5_0.cif
Predicted Energy= -4.5333 eV/atom

Ho1Pb1_TbGe_sym63_0_0.cif
Predicted Energy= -4.0907 eV/atom

Ho1Pb1_TbPb_sym63_5_0.cif
Predicted Energy= -4.5909 eV/atom

Ho1Pb1_TbSi_sym63_5_0.cif
Predicted Energy= -3.6163 eV/atom

Ho1Pb1_TbSn_sym63_5_0.cif
Predicted Energy= -4.5603 eV/atom

Ho1Pb1_TmGe_sym63_0_0.cif
Predicted Energy= -3.9054 eV/atom

Ho1Pb1_TmPb_sym63_7_0.cif
Predicted Energy= -4.5858 eV/atom

Ho1Pb1_DyAs_sym152_13_0.cif
Predicted Energy= -4.1849 eV/atom

Ho1Pb1_TbN_sym36_8_0.cif
Predicted Energy= 1.1197 eV/atom

Ho1Pb1_TmN_sym36_8_0.cif
Predicted Energy= 2.8876 eV/atom

Ho1Pb1_TbPb_sym225_2_0.cif
Predicted Energy= -4.4428 eV/atom

Ho1Pb1_TbN_sym225_4_0.cif
Predicted Energy= 0.2058 eV/atom

Ho1Pb1_TbSn_sym225_3_0.cif
Predicted Energy= -4.4461 eV/atom

Ho1Pb1_TmP_sym225_0_0.cif
Predicted Energy= -3.6812 eV/atom

Ho1Pb1_TbP_sym225_0_0.cif
Predicted Energy= -3.9644 eV/atom

Ho1Pb1_TbAs_sym225_4_0.cif
Predicted Energy= -4.2268 eV/atom

Ho1Pb1_DyAs_sym225_4_0.cif
Predicted Energy= -4.1869 eV/atom

Ho1Pb1_TmN_sym225_4_0.cif
Predicted Energy= 1.7707 eV/atom

Ho1Pb1_ErAs_sym225_5_0.cif
Predicted Energy= -4.1067 eV/atom

Ho1Pb1_ErAs_sym225_0_0.cif
Predicted Energy= -4.0967 eV/atom

Ho1Pb1_TmSn_sym225_3_0.cif
Predicted Energy= -4.4340 eV/atom

Ho1Pb1_TbP_sym225_4_0.cif
Predicted Energy= -3.9649 eV/atom

Ho1Pb1_TmN_sym225_9_0.cif
Predicted Energy= 1.7716 eV/atom

Ho1Pb1_DyAs_sym225_0_0.cif
Predicted Energy= -4.1801 eV/atom

Ho1Pb1_TmAs_sym225_0_0.cif
Predicted Energy= -4.0539 eV/atom

Ho1Pb1_TbAs_sym225_0_0.cif
Predicted Energy= -4.2235 eV/atom

Ho1Pb1_TmP_sym225_4_0.cif
Predicted Energy= -3.6803 eV/atom

Ho1Pb1_DyAs_sym225_14_0.cif
Predicted Energy= -4.1828 eV/atom

Ho1Pb1_TbSi_sym225_3_0.cif
Predicted Energy= -4.2057 eV/atom

Ho1Pb1_TmGe_sym225_4_0.cif
Predicted Energy= -4.1413 eV/atom

Ho1Pb1_ErC_sym225_0_0.cif
Predicted Energy= -0.6114 eV/atom

Ho1Pb1_TmAs_sym225_4_0.cif
Predicted Energy= -4.0608 eV/atom

Ho1Pb1_TbN_sym225_3_0.cif
Predicted Energy= 0.2128 eV/atom

Ho1Pb1_TmPb_sym225_3_0.cif
Predicted Energy= -4.4457 eV/atom

Ho1Pb1_HoAs_sym225_4_0.cif
Predicted Energy= -4.1469 eV/atom

Ho1Pb1_HoAs_sym225_0_0.cif
Predicted Energy= -4.1421 eV/atom

Ho1Pb1_TbGe_sym225_5_0.cif
Predicted Energy= -4.2793 eV/atom

Ho1Pb1_TmC_sym225_0_0.cif
Predicted Energy= -0.3141 eV/atom

Ho1Pb1_TmN_sym225_0_0.cif
Predicted Energy= 1.7843 eV/atom

Ho1Pb1_HoAs_sym225_11_0.cif
Predicted Energy= -4.1431 eV/atom

Ho1Pb1_TmSi_sym225_4_0.cif
Predicted Energy= -4.0302 eV/atom

Ho1Pb1_ErAs_sym166_3_0.cif
Predicted Energy= -4.1080 eV/atom

Ho1Pb1_TbSn_sym166_1_0.cif
Predicted Energy= -4.4731 eV/atom

Ho1Pb1_TbAs_sym166_2_0.cif
Predicted Energy= -4.2313 eV/atom

Ho1Pb1_HoAs_sym166_2_0.cif
Predicted Energy= -4.1488 eV/atom

Ho1Pb1_DyAs_sym166_2_0.cif
Predicted Energy= -4.1929 eV/atom

Ho1Pb1_TbP_sym166_9_0.cif
Predicted Energy= -3.9642 eV/atom

Ho1Pb1_TmP_sym166_2_0.cif
Predicted Energy= -3.6867 eV/atom

Ho1Pb1_ErC_sym166_1_0.cif
Predicted Energy= -0.5955 eV/atom

Ho1Pb1_TbN_sym166_1_0.cif
Predicted Energy= 0.2353 eV/atom

Ho1Pb1_TmSn_sym166_1_0.cif
Predicted Energy= -4.4525 eV/atom

Ho1Pb1_TmSi_sym166_2_0.cif
Predicted Energy= -4.0525 eV/atom

Ho1Pb1_TmPb_sym166_1_0.cif
Predicted Energy= -4.4688 eV/atom

Ho1Pb1_TmGe_sym166_2_0.cif
Predicted Energy= -4.1647 eV/atom

Ho1Pb1_TbP_sym166_2_0.cif
Predicted Energy= -3.9710 eV/atom

Ho1Pb1_TbPb_sym166_1_0.cif
Predicted Energy= -4.4718 eV/atom

Ho1Pb1_TbGe_sym166_7_0.cif
Predicted Energy= -4.2791 eV/atom

Ho1Pb1_TmN_sym166_2_0.cif
Predicted Energy= 1.8342 eV/atom

Ho1Pb1_TmC_sym166_1_0.cif
Predicted Energy= -0.2977 eV/atom

Ho1Pb1_TmAs_sym166_2_0.cif
Predicted Energy= -4.0644 eV/atom

Ho1Pb1_TmP_sym166_8_0.cif
Predicted Energy= -3.6811 eV/atom

Ho1Pb1_TbSi_sym166_4_0.cif
Predicted Energy= -4.2120 eV/atom

Ho1Pb1_ErAs_sym51_6_0.cif
Predicted Energy= -4.0422 eV/atom

Ho1Pb1_TbN_sym51_5_0.cif
Predicted Energy= 1.2499 eV/atom

Ho1Pb1_TmN_sym51_5_0.cif
Predicted Energy= 2.6484 eV/atom

Ho1Pb1_TbAs_sym51_5_0.cif
Predicted Energy= -4.1632 eV/atom

Ho1Pb1_DyAs_sym51_5_0.cif
Predicted Energy= -4.1205 eV/atom

Ho1Pb1_TmAs_sym51_5_0.cif
Predicted Energy= -4.0030 eV/atom

Ho1Pb1_HoAs_sym51_5_0.cif
Predicted Energy= -4.0855 eV/atom

Ho1Pb1_TmP_sym51_5_0.cif
Predicted Energy= -3.5627 eV/atom

Ho1Pb1_TbP_sym51_5_0.cif
Predicted Energy= -3.8575 eV/atom

Ho1Pb1_HoAs_sym189_8_0.cif
Predicted Energy= -4.0845 eV/atom

Ho1Pb1_DyAs_sym189_8_0.cif
Predicted Energy= -4.1319 eV/atom

Ho1Pb1_TbAs_sym189_8_0.cif
Predicted Energy= -4.1746 eV/atom

Ho1Pb1_ErAs_sym189_9_0.cif
Predicted Energy= -4.0400 eV/atom

Ho1Pb1_TbP_sym189_8_0.cif
Predicted Energy= -3.8546 eV/atom

Ho1Pb1_TmPb_sym194_6_0.cif
Predicted Energy= -4.3741 eV/atom

Ho1Pb1_TbPb_sym194_4_0.cif
Predicted Energy= -4.5249 eV/atom

Ho1Pb1_TmPb_sym194_5_0.cif
Predicted Energy= -4.5214 eV/atom

Ho1Pb1_TmSi_sym194_6_0.cif
Predicted Energy= -3.7121 eV/atom

Ho1Pb1_TmSi_sym194_7_0.cif
Predicted Energy= -4.0380 eV/atom

Ho1Pb1_ErAs_sym194_11_0.cif
Predicted Energy= -4.0535 eV/atom

Ho1Pb1_DyAs_sym194_9_0.cif
Predicted Energy= -4.1397 eV/atom
Done
------------------------
Terminated Sucessfully!
----------------------------
+++ date 3+++
Tue 05 May 2026 10:58:52 AM +03
***** Detection of new structures + Copy Data ******
***** Ho1Pb1 ******

Program Configuration
---------------------
Query formula:	 Ho1Pb1 
Neighbor order:	 1 
Energy filter:	 0.0 
Sleep timer:	 none 
Online: 	 False 
Calculator: 	 none 
Data source: 	 OQMD 
BlockSearch: 	 True 
Relaxer: 	 False 
OutputDir: 	 dev/test_data 
CheckNew: 	 True 
Top n: 	 none 
Top c: 	 all
---------------------

['Ho1 Pb1']
OQMD data is collected!
No module named 'phonopy'
No module named 'phonopy'
Retrieving SummaryDoc documents: 0it [00:00, ?it/s]Retrieving SummaryDoc documents: 0it [00:00, ?it/s]
/opt/apps/miniconda3/envs/PNcsp/lib/python3.9/site-packages/pymatgen/symmetry/analyzer.py:137: DeprecationWarning: dict interface is deprecated. Use attribute interface instead
  return int(self._space_group_data["number"])
/opt/apps/miniconda3/envs/PNcsp/lib/python3.9/site-packages/pymatgen/io/cif.py:1606: FutureWarning: We strongly discourage using implicit binary/text `mode`, and this would not be allowed after 2025-06-01. I.e. you should pass t/b in `mode`.
  with zopen(filename, mode=mode) as file:
MP data is collected!
StructureMatcher Activated.
New structures are successfully detected!!
Files are transferring.
Files are successfully transferred!
***********************
----------------------------
